<?xml version="1.0" encoding="UTF-8"?>
<!-- Generated by org.testng.reporters.JUnitReportReporter -->
<testsuite hostname="DESKTOP-E2RVPM6" name="com.yoya.test.movie.LoginMovieTest" tests="1" failures="0" timestamp="19 Aug 2016 06:43:13 GMT" time="25.410" errors="0">
  <testcase name="f" time="25.410" classname="com.yoya.test.movie.LoginMovieTest"/>
</testsuite> <!-- com.yoya.test.movie.LoginMovieTest -->
